<?xml version="1.0" encoding="UTF-8"?>
<!-- Generated by org.testng.reporters.JUnitReportReporter -->
<testsuite hostname="DESKTOP-U42780G" name="FileUploadusingSendKey" tests="1" failures="0" timestamp="29 Feb 2020 16:26:47 GMT" time="98.188" errors="0">
  <testcase name="upload" time="98.188" classname="FileUploadusingSendKey"/>
</testsuite> <!-- FileUploadusingSendKey -->
