<?xml version="1.0" encoding="UTF-8"?>
<!-- Generated by org.testng.reporters.JUnitReportReporter -->
<testsuite hostname="DESKTOP-U42780G" name="QaAutomate" tests="1" failures="0" timestamp="8 Apr 2020 13:50:08 GMT" time="91.869" errors="0">
  <testcase name="placeOrder" time="91.869" classname="QaAutomate"/>
</testsuite> <!-- QaAutomate -->
