<?xml version="1.0" encoding="UTF-8"?>
<!-- Generated by org.testng.reporters.JUnitReportReporter -->
<testsuite hostname="DESKTOP-U42780G" name="Pages.QaAutomate" tests="1" failures="0" timestamp="8 Apr 2020 14:26:49 GMT" time="107.467" errors="0">
  <testcase name="placeOrder" time="107.467" classname="Pages.QaAutomate"/>
</testsuite> <!-- Pages.QaAutomate -->
